Using pre-set license
Built from '2020.3/staging' branch; Version is '2020.3.11f1 (99c7afb366b3) revision 10078127'; Using compiler version '192528614'; Build Type 'Release'
OS: 'Windows 10 Home; OS build 19042.1165; Version 2009; 64bit' Language: 'ru' Physical Memory: 16151 MB
BatchMode: 1, IsHumanControllingUs: 0, StartBugReporterOnCrash: 0, Is64bit: 1, IsPro: 0

 COMMAND LINE ARGUMENTS:
C:\Program Files\Unity Editors\2020.3.11f1\Editor\Unity.exe
-adb2
-batchMode
-noUpm
-name
AssetImportWorker0
-projectPath
C:/GameDev/Projects/ITario-Plus/ITario-plus
-logFile
Logs/AssetImportWorker0.log
-srvPort
55307
Successfully changed project path to: C:/GameDev/Projects/ITario-Plus/ITario-plus
C:/GameDev/Projects/ITario-Plus/ITario-plus
Using Asset Import Pipeline V2.
Refreshing native plugins compatible for Editor in 70.41 ms, found 7 plugins.
Preloading 0 native plugins for Editor in 0.00 ms.
Initialize engine version: 2020.3.11f1 (99c7afb366b3)
[Subsystems] Discovering subsystems at path C:/Program Files/Unity Editors/2020.3.11f1/Editor/Data/Resources/UnitySubsystems
[Subsystems] Discovering subsystems at path C:/GameDev/Projects/ITario-Plus/ITario-plus/Assets
GfxDevice: creating device client; threaded=0
Direct3D:
    Version:  Direct3D 11.0 [level 11.1]
    Renderer: NVIDIA GeForce GTX 1660 Ti (ID=0x2191)
    Vendor:   
    VRAM:     5991 MB
    Driver:   27.21.14.6280
Initialize mono
Mono path[0] = 'C:/Program Files/Unity Editors/2020.3.11f1/Editor/Data/Managed'
Mono path[1] = 'C:/Program Files/Unity Editors/2020.3.11f1/Editor/Data/MonoBleedingEdge/lib/mono/unityjit'
Mono config path = 'C:/Program Files/Unity Editors/2020.3.11f1/Editor/Data/MonoBleedingEdge/etc'
Using monoOptions --debugger-agent=transport=dt_socket,embedding=1,server=y,suspend=n,address=127.0.0.1:56624
Begin MonoManager ReloadAssembly
Registering precompiled unity dll's ...
Register platform support module: C:/Program Files/Unity Editors/2020.3.11f1/Editor/Data/PlaybackEngines/WebGLSupport/UnityEditor.WebGL.Extensions.dll
Register platform support module: C:/Program Files/Unity Editors/2020.3.11f1/Editor/Data/PlaybackEngines/WindowsStandaloneSupport/UnityEditor.WindowsStandalone.Extensions.dll
Registered in 0.005140 seconds.
Native extension for WindowsStandalone target not found
Native extension for WebGL target not found
Refreshing native plugins compatible for Editor in 161.19 ms, found 7 plugins.
Preloading 0 native plugins for Editor in 0.00 ms.
Mono: successfully reloaded assembly
- Completed reload, in  4.664 seconds
Platform modules already initialized, skipping
Registering precompiled user dll's ...
Registered in 0.060587 seconds.
Begin MonoManager ReloadAssembly
Native extension for WindowsStandalone target not found
Native extension for WebGL target not found
Refreshing native plugins compatible for Editor in 0.71 ms, found 7 plugins.
Preloading 0 native plugins for Editor in 0.00 ms.
Mono: successfully reloaded assembly
- Completed reload, in  2.056 seconds
Platform modules already initialized, skipping
========================================================================
Worker process is ready to serve import requests
Launched and connected shader compiler UnityShaderCompiler.exe after 0.06 seconds
Refreshing native plugins compatible for Editor in 0.66 ms, found 7 plugins.
Preloading 0 native plugins for Editor in 0.00 ms.
Unloading 1889 Unused Serialized files (Serialized files now loaded: 0)
System memory in use before: 80.2 MB.
System memory in use after: 80.3 MB.

Unloading 35 unused Assets to reduce memory usage. Loaded Objects now: 2315.
Total: 2.692700 ms (FindLiveObjects: 0.225200 ms CreateObjectMapping: 0.089800 ms MarkObjects: 2.301900 ms  DeleteObjects: 0.074700 ms)

========================================================================
Received Import Request.
  path: Assets/ReadMe.txt
  artifactKey: Guid(4b03d0625dd9ea44ebe03fbedc482d5f) Importer(815301076,1909f56bfc062723c751e8b465ee728b)
Start importing Assets/ReadMe.txt using Guid(4b03d0625dd9ea44ebe03fbedc482d5f) Importer(815301076,1909f56bfc062723c751e8b465ee728b)  -> (artifact id: '2ddae7d149d15aedb1f70b292960fcfa') in 0.082754 seconds
  Import took 0.086558 seconds .

========================================================================
Received Import Request.
  Time since last request: 105.670868 seconds.
  path: Assets/ReadMe.txt
  artifactKey: Guid(4b03d0625dd9ea44ebe03fbedc482d5f) Importer(815301076,1909f56bfc062723c751e8b465ee728b)
Start importing Assets/ReadMe.txt using Guid(4b03d0625dd9ea44ebe03fbedc482d5f) Importer(815301076,1909f56bfc062723c751e8b465ee728b)  -> (artifact id: '7a670ee94a93b6710536c679530fb348') in 0.004418 seconds
  Import took 0.018153 seconds .

========================================================================
Received Import Request.
  Time since last request: 0.015692 seconds.
  path: Assets/ReadMe.txt
  artifactKey: Guid(4b03d0625dd9ea44ebe03fbedc482d5f) Importer(815301076,1909f56bfc062723c751e8b465ee728b)
Start importing Assets/ReadMe.txt using Guid(4b03d0625dd9ea44ebe03fbedc482d5f) Importer(815301076,1909f56bfc062723c751e8b465ee728b)  -> (artifact id: '7a670ee94a93b6710536c679530fb348') in 0.006448 seconds
  Import took 0.011499 seconds .

========================================================================
Received Prepare
Registering precompiled user dll's ...
Registered in 0.010638 seconds.
Begin MonoManager ReloadAssembly
Native extension for WindowsStandalone target not found
Native extension for WebGL target not found
Refreshing native plugins compatible for Editor in 0.71 ms, found 7 plugins.
Preloading 0 native plugins for Editor in 0.00 ms.
Mono: successfully reloaded assembly
- Completed reload, in  1.554 seconds
Platform modules already initialized, skipping
Refreshing native plugins compatible for Editor in 1.50 ms, found 7 plugins.
Preloading 0 native plugins for Editor in 0.00 ms.
Unloading 1882 Unused Serialized files (Serialized files now loaded: 0)
System memory in use before: 80.1 MB.
System memory in use after: 80.2 MB.

Unloading 26 unused Assets to reduce memory usage. Loaded Objects now: 2318.
Total: 4.094500 ms (FindLiveObjects: 0.394700 ms CreateObjectMapping: 0.158900 ms MarkObjects: 3.501100 ms  DeleteObjects: 0.037400 ms)

========================================================================
Received Prepare
Registering precompiled user dll's ...
Registered in 0.009585 seconds.
Begin MonoManager ReloadAssembly
Native extension for WindowsStandalone target not found
Native extension for WebGL target not found
Refreshing native plugins compatible for Editor in 0.61 ms, found 7 plugins.
Preloading 0 native plugins for Editor in 0.00 ms.
Mono: successfully reloaded assembly
- Completed reload, in  1.357 seconds
Platform modules already initialized, skipping
Refreshing native plugins compatible for Editor in 0.68 ms, found 7 plugins.
Preloading 0 native plugins for Editor in 0.00 ms.
Unloading 1882 Unused Serialized files (Serialized files now loaded: 0)
System memory in use before: 80.1 MB.
System memory in use after: 80.2 MB.

Unloading 26 unused Assets to reduce memory usage. Loaded Objects now: 2321.
Total: 2.532300 ms (FindLiveObjects: 0.231700 ms CreateObjectMapping: 0.086800 ms MarkObjects: 2.188500 ms  DeleteObjects: 0.024000 ms)

========================================================================
Received Prepare
Registering precompiled user dll's ...
Registered in 0.009629 seconds.
Begin MonoManager ReloadAssembly
Native extension for WindowsStandalone target not found
Native extension for WebGL target not found
Refreshing native plugins compatible for Editor in 0.61 ms, found 7 plugins.
Preloading 0 native plugins for Editor in 0.00 ms.
Mono: successfully reloaded assembly
- Completed reload, in  1.259 seconds
Platform modules already initialized, skipping
Refreshing native plugins compatible for Editor in 0.61 ms, found 7 plugins.
Preloading 0 native plugins for Editor in 0.00 ms.
Unloading 1882 Unused Serialized files (Serialized files now loaded: 0)
System memory in use before: 80.1 MB.
System memory in use after: 80.3 MB.

Unloading 26 unused Assets to reduce memory usage. Loaded Objects now: 2324.
Total: 2.381200 ms (FindLiveObjects: 0.209200 ms CreateObjectMapping: 0.078600 ms MarkObjects: 2.072600 ms  DeleteObjects: 0.019800 ms)

========================================================================
Received Prepare
Registering precompiled user dll's ...
Registered in 0.009135 seconds.
Begin MonoManager ReloadAssembly
Native extension for WindowsStandalone target not found
Native extension for WebGL target not found
Refreshing native plugins compatible for Editor in 0.66 ms, found 7 plugins.
Preloading 0 native plugins for Editor in 0.00 ms.
Mono: successfully reloaded assembly
- Completed reload, in  1.350 seconds
Platform modules already initialized, skipping
Refreshing native plugins compatible for Editor in 0.70 ms, found 7 plugins.
Preloading 0 native plugins for Editor in 0.00 ms.
Unloading 1875 Unused Serialized files (Serialized files now loaded: 0)
System memory in use before: 80.0 MB.
System memory in use after: 80.1 MB.

Unloading 26 unused Assets to reduce memory usage. Loaded Objects now: 2327.
Total: 3.081400 ms (FindLiveObjects: 0.299500 ms CreateObjectMapping: 0.288600 ms MarkObjects: 2.459000 ms  DeleteObjects: 0.032900 ms)

========================================================================
Received Prepare
Registering precompiled user dll's ...
Registered in 0.008778 seconds.
Begin MonoManager ReloadAssembly
Native extension for WindowsStandalone target not found
Native extension for WebGL target not found
Refreshing native plugins compatible for Editor in 0.83 ms, found 7 plugins.
Preloading 0 native plugins for Editor in 0.00 ms.
Mono: successfully reloaded assembly
- Completed reload, in  1.447 seconds
Platform modules already initialized, skipping
Refreshing native plugins compatible for Editor in 0.68 ms, found 7 plugins.
Preloading 0 native plugins for Editor in 0.00 ms.
Unloading 1882 Unused Serialized files (Serialized files now loaded: 0)
System memory in use before: 80.2 MB.
System memory in use after: 80.3 MB.

Unloading 26 unused Assets to reduce memory usage. Loaded Objects now: 2330.
Total: 2.693300 ms (FindLiveObjects: 0.246600 ms CreateObjectMapping: 0.112000 ms MarkObjects: 2.297100 ms  DeleteObjects: 0.036200 ms)

========================================================================
Received Prepare
Registering precompiled user dll's ...
Registered in 0.009276 seconds.
Begin MonoManager ReloadAssembly
Native extension for WindowsStandalone target not found
Native extension for WebGL target not found
Refreshing native plugins compatible for Editor in 0.73 ms, found 7 plugins.
Preloading 0 native plugins for Editor in 0.00 ms.
Mono: successfully reloaded assembly
- Completed reload, in  1.374 seconds
Platform modules already initialized, skipping
Refreshing native plugins compatible for Editor in 0.74 ms, found 7 plugins.
Preloading 0 native plugins for Editor in 0.00 ms.
Unloading 1882 Unused Serialized files (Serialized files now loaded: 0)
System memory in use before: 80.2 MB.
System memory in use after: 80.3 MB.

Unloading 26 unused Assets to reduce memory usage. Loaded Objects now: 2333.
Total: 2.679500 ms (FindLiveObjects: 0.245400 ms CreateObjectMapping: 0.096500 ms MarkObjects: 2.310300 ms  DeleteObjects: 0.025800 ms)

========================================================================
Received Import Request.
  Time since last request: 98523.383581 seconds.
  path: Assets/Levels/BluePrintSample.png
  artifactKey: Guid(1361cf63e4eddd942bb8a52c15fdb992) Importer(815301076,1909f56bfc062723c751e8b465ee728b)
Start importing Assets/Levels/BluePrintSample.png using Guid(1361cf63e4eddd942bb8a52c15fdb992) Importer(815301076,1909f56bfc062723c751e8b465ee728b)  -> (artifact id: '9ca1a3c23130f184fc1b6b0c2b89265e') in 0.162947 seconds
  Import took 0.168944 seconds .

========================================================================
Received Prepare
Registering precompiled user dll's ...
Registered in 0.011265 seconds.
Begin MonoManager ReloadAssembly
Native extension for WindowsStandalone target not found
Native extension for WebGL target not found
Refreshing native plugins compatible for Editor in 0.60 ms, found 7 plugins.
Preloading 0 native plugins for Editor in 0.00 ms.
Mono: successfully reloaded assembly
- Completed reload, in  1.253 seconds
Platform modules already initialized, skipping
Refreshing native plugins compatible for Editor in 0.64 ms, found 7 plugins.
Preloading 0 native plugins for Editor in 0.00 ms.
Unloading 1882 Unused Serialized files (Serialized files now loaded: 0)
System memory in use before: 83.2 MB.
System memory in use after: 83.3 MB.

Unloading 26 unused Assets to reduce memory usage. Loaded Objects now: 2342.
Total: 2.587600 ms (FindLiveObjects: 0.226800 ms CreateObjectMapping: 0.083300 ms MarkObjects: 2.254500 ms  DeleteObjects: 0.021900 ms)

========================================================================
Received Prepare
Registering precompiled user dll's ...
Registered in 0.015095 seconds.
Begin MonoManager ReloadAssembly
Native extension for WindowsStandalone target not found
Native extension for WebGL target not found
Refreshing native plugins compatible for Editor in 0.70 ms, found 7 plugins.
Preloading 0 native plugins for Editor in 0.00 ms.
Mono: successfully reloaded assembly
- Completed reload, in  1.500 seconds
Platform modules already initialized, skipping
Refreshing native plugins compatible for Editor in 0.72 ms, found 7 plugins.
Preloading 0 native plugins for Editor in 0.00 ms.
Unloading 1882 Unused Serialized files (Serialized files now loaded: 0)
System memory in use before: 83.2 MB.
System memory in use after: 83.3 MB.

Unloading 26 unused Assets to reduce memory usage. Loaded Objects now: 2345.
Total: 3.397900 ms (FindLiveObjects: 0.315400 ms CreateObjectMapping: 0.133100 ms MarkObjects: 2.904500 ms  DeleteObjects: 0.043000 ms)

========================================================================
Received Prepare
Registering precompiled user dll's ...
Registered in 0.022468 seconds.
Begin MonoManager ReloadAssembly
Native extension for WindowsStandalone target not found
Native extension for WebGL target not found
Refreshing native plugins compatible for Editor in 0.76 ms, found 7 plugins.
Preloading 0 native plugins for Editor in 0.00 ms.
Mono: successfully reloaded assembly
- Completed reload, in  1.385 seconds
Platform modules already initialized, skipping
Refreshing native plugins compatible for Editor in 0.85 ms, found 7 plugins.
Preloading 0 native plugins for Editor in 0.00 ms.
Unloading 1882 Unused Serialized files (Serialized files now loaded: 0)
System memory in use before: 83.3 MB.
System memory in use after: 83.4 MB.

Unloading 26 unused Assets to reduce memory usage. Loaded Objects now: 2348.
Total: 2.663700 ms (FindLiveObjects: 0.215600 ms CreateObjectMapping: 0.094900 ms MarkObjects: 2.327100 ms  DeleteObjects: 0.024700 ms)

========================================================================
Received Prepare
Registering precompiled user dll's ...
Registered in 0.009785 seconds.
Begin MonoManager ReloadAssembly
Native extension for WindowsStandalone target not found
Native extension for WebGL target not found
Refreshing native plugins compatible for Editor in 0.68 ms, found 7 plugins.
Preloading 0 native plugins for Editor in 0.00 ms.
Mono: successfully reloaded assembly
- Completed reload, in  1.289 seconds
Platform modules already initialized, skipping
Refreshing native plugins compatible for Editor in 0.64 ms, found 7 plugins.
Preloading 0 native plugins for Editor in 0.00 ms.
Unloading 1882 Unused Serialized files (Serialized files now loaded: 0)
System memory in use before: 83.3 MB.
System memory in use after: 83.4 MB.

Unloading 26 unused Assets to reduce memory usage. Loaded Objects now: 2351.
Total: 2.604500 ms (FindLiveObjects: 0.310500 ms CreateObjectMapping: 0.119200 ms MarkObjects: 2.148200 ms  DeleteObjects: 0.025300 ms)

========================================================================
Received Import Request.
  Time since last request: 820.494682 seconds.
  path: Assets/Scripts/LevelEditor/ColorToPrefab.cs
  artifactKey: Guid(d85d157c117bac04797bab95917091c3) Importer(815301076,1909f56bfc062723c751e8b465ee728b)
Start importing Assets/Scripts/LevelEditor/ColorToPrefab.cs using Guid(d85d157c117bac04797bab95917091c3) Importer(815301076,1909f56bfc062723c751e8b465ee728b)  -> (artifact id: '73f869be12bc545c242c783b437dff51') in 0.071630 seconds
  Import took 0.084986 seconds .

========================================================================
Received Import Request.
  Time since last request: 0.078499 seconds.
  path: Assets/Scripts/LevelEditor/ColorToPrefab.cs
  artifactKey: Guid(d85d157c117bac04797bab95917091c3) Importer(815301076,1909f56bfc062723c751e8b465ee728b)
Start importing Assets/Scripts/LevelEditor/ColorToPrefab.cs using Guid(d85d157c117bac04797bab95917091c3) Importer(815301076,1909f56bfc062723c751e8b465ee728b)  -> (artifact id: '73f869be12bc545c242c783b437dff51') in 0.013623 seconds
  Import took 0.030933 seconds .

========================================================================
Received Prepare
Registering precompiled user dll's ...
Registered in 0.009033 seconds.
Begin MonoManager ReloadAssembly
Native extension for WindowsStandalone target not found
Native extension for WebGL target not found
Refreshing native plugins compatible for Editor in 0.64 ms, found 7 plugins.
Preloading 0 native plugins for Editor in 0.00 ms.
Mono: successfully reloaded assembly
- Completed reload, in  1.324 seconds
Platform modules already initialized, skipping
Refreshing native plugins compatible for Editor in 0.73 ms, found 7 plugins.
Preloading 0 native plugins for Editor in 0.00 ms.
Unloading 1882 Unused Serialized files (Serialized files now loaded: 0)
System memory in use before: 83.3 MB.
System memory in use after: 83.4 MB.

Unloading 26 unused Assets to reduce memory usage. Loaded Objects now: 2354.
Total: 2.617700 ms (FindLiveObjects: 0.236800 ms CreateObjectMapping: 0.088700 ms MarkObjects: 2.267700 ms  DeleteObjects: 0.023100 ms)

AssetImportWorkerClient::OnTransportError - code=2 error=End of file
